<?xml version="1.0" encoding="UTF-8"?>
<!-- Generated by org.testng.reporters.JUnitReportReporter -->
<testsuite skipped="0" hostname="DINESH-KUMAR3" name="com.qa.Tests.TC02_Get_Request_Single_emplyoee" tests="1" failures="0" timestamp="2021-02-16T13:22:49 GST" time="7.979" errors="0">
  <testcase name="checkResponseBody" time="7.979" classname="com.qa.Tests.TC02_Get_Request_Single_emplyoee"/>
  <system-out/>
</testsuite> <!-- com.qa.Tests.TC02_Get_Request_Single_emplyoee -->
