<?xml version="1.0" encoding="UTF-8"?>
<!-- Generated by org.testng.reporters.JUnitReportReporter -->
<testsuite skipped="0" hostname="DESKTOP-O1LMJVL" name="com.qa.Tests.TC003_GET_REQUEST" tests="1" failures="0" timestamp="2021-02-12T10:16:24 GST" time="4.859" errors="0">
  <testcase name="getweatherDetails" time="4.859" classname="com.qa.Tests.TC003_GET_REQUEST"/>
  <system-out/>
</testsuite> <!-- com.qa.Tests.TC003_GET_REQUEST -->
